Performing C SOURCE FILE Test CMAKE_HAVE_LIBC_PTHREAD failed with the following output:
Change Dir: /home/alejandro/robocomp/components/robotica-avanzada-2020/components/camerayoloCppVREP/CMakeFiles/CMakeTmp

Run Build Command(s):/usr/bin/make cmTC_bface/fast && /usr/bin/make -f CMakeFiles/cmTC_bface.dir/build.make CMakeFiles/cmTC_bface.dir/build
make[1]: se entra en el directorio '/home/alejandro/robocomp/components/robotica-avanzada-2020/components/camerayoloCppVREP/CMakeFiles/CMakeTmp'
Building C object CMakeFiles/cmTC_bface.dir/src.c.o
/usr/bin/cc   -DCMAKE_HAVE_LIBC_PTHREAD   -o CMakeFiles/cmTC_bface.dir/src.c.o   -c /home/alejandro/robocomp/components/robotica-avanzada-2020/components/camerayoloCppVREP/CMakeFiles/CMakeTmp/src.c
Linking C executable cmTC_bface
/usr/local/bin/cmake -E cmake_link_script CMakeFiles/cmTC_bface.dir/link.txt --verbose=1
/usr/bin/cc  -DCMAKE_HAVE_LIBC_PTHREAD    -rdynamic CMakeFiles/cmTC_bface.dir/src.c.o  -o cmTC_bface 
CMakeFiles/cmTC_bface.dir/src.c.o: En la función `main':
src.c:(.text+0x3e): referencia a `pthread_create' sin definir
src.c:(.text+0x4a): referencia a `pthread_detach' sin definir
src.c:(.text+0x56): referencia a `pthread_cancel' sin definir
src.c:(.text+0x67): referencia a `pthread_join' sin definir
src.c:(.text+0x7b): referencia a `pthread_atfork' sin definir
collect2: error: ld returned 1 exit status
CMakeFiles/cmTC_bface.dir/build.make:103: recipe for target 'cmTC_bface' failed
make[1]: *** [cmTC_bface] Error 1
make[1]: se sale del directorio '/home/alejandro/robocomp/components/robotica-avanzada-2020/components/camerayoloCppVREP/CMakeFiles/CMakeTmp'
Makefile:138: recipe for target 'cmTC_bface/fast' failed
make: *** [cmTC_bface/fast] Error 2


Source file was:
#include <pthread.h>

void* test_func(void* data)
{
  return data;
}

int main(void)
{
  pthread_t thread;
  pthread_create(&thread, NULL, test_func, NULL);
  pthread_detach(thread);
  pthread_cancel(thread);
  pthread_join(thread, NULL);
  pthread_atfork(NULL, NULL, NULL);
  pthread_exit(NULL);

  return 0;
}

Determining if the function pthread_create exists in the pthreads failed with the following output:
Change Dir: /home/alejandro/robocomp/components/robotica-avanzada-2020/components/camerayoloCppVREP/CMakeFiles/CMakeTmp

Run Build Command(s):/usr/bin/make cmTC_3f145/fast && /usr/bin/make -f CMakeFiles/cmTC_3f145.dir/build.make CMakeFiles/cmTC_3f145.dir/build
make[1]: se entra en el directorio '/home/alejandro/robocomp/components/robotica-avanzada-2020/components/camerayoloCppVREP/CMakeFiles/CMakeTmp'
Building C object CMakeFiles/cmTC_3f145.dir/CheckFunctionExists.c.o
/usr/bin/cc   -DCHECK_FUNCTION_EXISTS=pthread_create   -o CMakeFiles/cmTC_3f145.dir/CheckFunctionExists.c.o   -c /usr/local/share/cmake-3.17/Modules/CheckFunctionExists.c
Linking C executable cmTC_3f145
/usr/local/bin/cmake -E cmake_link_script CMakeFiles/cmTC_3f145.dir/link.txt --verbose=1
/usr/bin/cc  -DCHECK_FUNCTION_EXISTS=pthread_create    -rdynamic CMakeFiles/cmTC_3f145.dir/CheckFunctionExists.c.o  -o cmTC_3f145  -lpthreads 
/usr/bin/ld: no se puede encontrar -lpthreads
collect2: error: ld returned 1 exit status
CMakeFiles/cmTC_3f145.dir/build.make:103: recipe for target 'cmTC_3f145' failed
make[1]: *** [cmTC_3f145] Error 1
make[1]: se sale del directorio '/home/alejandro/robocomp/components/robotica-avanzada-2020/components/camerayoloCppVREP/CMakeFiles/CMakeTmp'
Makefile:138: recipe for target 'cmTC_3f145/fast' failed
make: *** [cmTC_3f145/fast] Error 2



Performing C SOURCE FILE Test CMAKE_HAVE_LIBC_PTHREAD failed with the following output:
Change Dir: /home/alejandro/robocomp/components/robotica-avanzada-2020/components/camerayoloCppVREP/CMakeFiles/CMakeTmp

Run Build Command(s):/usr/bin/make cmTC_0f838/fast && /usr/bin/make -f CMakeFiles/cmTC_0f838.dir/build.make CMakeFiles/cmTC_0f838.dir/build
make[1]: se entra en el directorio '/home/alejandro/robocomp/components/robotica-avanzada-2020/components/camerayoloCppVREP/CMakeFiles/CMakeTmp'
Building C object CMakeFiles/cmTC_0f838.dir/src.c.o
/usr/bin/cc   -DCMAKE_HAVE_LIBC_PTHREAD   -o CMakeFiles/cmTC_0f838.dir/src.c.o   -c /home/alejandro/robocomp/components/robotica-avanzada-2020/components/camerayoloCppVREP/CMakeFiles/CMakeTmp/src.c
Linking C executable cmTC_0f838
/usr/local/bin/cmake -E cmake_link_script CMakeFiles/cmTC_0f838.dir/link.txt --verbose=1
/usr/bin/cc  -DCMAKE_HAVE_LIBC_PTHREAD    -rdynamic CMakeFiles/cmTC_0f838.dir/src.c.o  -o cmTC_0f838 
CMakeFiles/cmTC_0f838.dir/src.c.o: En la función `main':
src.c:(.text+0x3e): referencia a `pthread_create' sin definir
src.c:(.text+0x4a): referencia a `pthread_detach' sin definir
src.c:(.text+0x56): referencia a `pthread_cancel' sin definir
src.c:(.text+0x67): referencia a `pthread_join' sin definir
src.c:(.text+0x7b): referencia a `pthread_atfork' sin definir
collect2: error: ld returned 1 exit status
CMakeFiles/cmTC_0f838.dir/build.make:103: recipe for target 'cmTC_0f838' failed
make[1]: *** [cmTC_0f838] Error 1
make[1]: se sale del directorio '/home/alejandro/robocomp/components/robotica-avanzada-2020/components/camerayoloCppVREP/CMakeFiles/CMakeTmp'
Makefile:138: recipe for target 'cmTC_0f838/fast' failed
make: *** [cmTC_0f838/fast] Error 2


Source file was:
#include <pthread.h>

void* test_func(void* data)
{
  return data;
}

int main(void)
{
  pthread_t thread;
  pthread_create(&thread, NULL, test_func, NULL);
  pthread_detach(thread);
  pthread_cancel(thread);
  pthread_join(thread, NULL);
  pthread_atfork(NULL, NULL, NULL);
  pthread_exit(NULL);

  return 0;
}

Determining if the function pthread_create exists in the pthreads failed with the following output:
Change Dir: /home/alejandro/robocomp/components/robotica-avanzada-2020/components/camerayoloCppVREP/CMakeFiles/CMakeTmp

Run Build Command(s):/usr/bin/make cmTC_4b785/fast && /usr/bin/make -f CMakeFiles/cmTC_4b785.dir/build.make CMakeFiles/cmTC_4b785.dir/build
make[1]: se entra en el directorio '/home/alejandro/robocomp/components/robotica-avanzada-2020/components/camerayoloCppVREP/CMakeFiles/CMakeTmp'
Building C object CMakeFiles/cmTC_4b785.dir/CheckFunctionExists.c.o
/usr/bin/cc   -DCHECK_FUNCTION_EXISTS=pthread_create   -o CMakeFiles/cmTC_4b785.dir/CheckFunctionExists.c.o   -c /usr/local/share/cmake-3.17/Modules/CheckFunctionExists.c
Linking C executable cmTC_4b785
/usr/local/bin/cmake -E cmake_link_script CMakeFiles/cmTC_4b785.dir/link.txt --verbose=1
/usr/bin/cc  -DCHECK_FUNCTION_EXISTS=pthread_create    -rdynamic CMakeFiles/cmTC_4b785.dir/CheckFunctionExists.c.o  -o cmTC_4b785  -lpthreads 
/usr/bin/ld: no se puede encontrar -lpthreads
collect2: error: ld returned 1 exit status
CMakeFiles/cmTC_4b785.dir/build.make:103: recipe for target 'cmTC_4b785' failed
make[1]: *** [cmTC_4b785] Error 1
make[1]: se sale del directorio '/home/alejandro/robocomp/components/robotica-avanzada-2020/components/camerayoloCppVREP/CMakeFiles/CMakeTmp'
Makefile:138: recipe for target 'cmTC_4b785/fast' failed
make: *** [cmTC_4b785/fast] Error 2



Performing C SOURCE FILE Test CMAKE_HAVE_LIBC_PTHREAD failed with the following output:
Change Dir: /home/alejandro/robocomp/components/robotica-avanzada-2020/components/camerayoloCppVREP/CMakeFiles/CMakeTmp

Run Build Command(s):/usr/bin/make cmTC_84ca1/fast && /usr/bin/make -f CMakeFiles/cmTC_84ca1.dir/build.make CMakeFiles/cmTC_84ca1.dir/build
make[1]: se entra en el directorio '/home/alejandro/robocomp/components/robotica-avanzada-2020/components/camerayoloCppVREP/CMakeFiles/CMakeTmp'
Building C object CMakeFiles/cmTC_84ca1.dir/src.c.o
/usr/bin/cc   -DCMAKE_HAVE_LIBC_PTHREAD   -o CMakeFiles/cmTC_84ca1.dir/src.c.o   -c /home/alejandro/robocomp/components/robotica-avanzada-2020/components/camerayoloCppVREP/CMakeFiles/CMakeTmp/src.c
Linking C executable cmTC_84ca1
/usr/local/bin/cmake -E cmake_link_script CMakeFiles/cmTC_84ca1.dir/link.txt --verbose=1
/usr/bin/cc  -DCMAKE_HAVE_LIBC_PTHREAD    -rdynamic CMakeFiles/cmTC_84ca1.dir/src.c.o  -o cmTC_84ca1 
CMakeFiles/cmTC_84ca1.dir/src.c.o: En la función `main':
src.c:(.text+0x3e): referencia a `pthread_create' sin definir
src.c:(.text+0x4a): referencia a `pthread_detach' sin definir
src.c:(.text+0x56): referencia a `pthread_cancel' sin definir
src.c:(.text+0x67): referencia a `pthread_join' sin definir
src.c:(.text+0x7b): referencia a `pthread_atfork' sin definir
collect2: error: ld returned 1 exit status
CMakeFiles/cmTC_84ca1.dir/build.make:103: recipe for target 'cmTC_84ca1' failed
make[1]: *** [cmTC_84ca1] Error 1
make[1]: se sale del directorio '/home/alejandro/robocomp/components/robotica-avanzada-2020/components/camerayoloCppVREP/CMakeFiles/CMakeTmp'
Makefile:138: recipe for target 'cmTC_84ca1/fast' failed
make: *** [cmTC_84ca1/fast] Error 2


Source file was:
#include <pthread.h>

void* test_func(void* data)
{
  return data;
}

int main(void)
{
  pthread_t thread;
  pthread_create(&thread, NULL, test_func, NULL);
  pthread_detach(thread);
  pthread_cancel(thread);
  pthread_join(thread, NULL);
  pthread_atfork(NULL, NULL, NULL);
  pthread_exit(NULL);

  return 0;
}

Determining if the function pthread_create exists in the pthreads failed with the following output:
Change Dir: /home/alejandro/robocomp/components/robotica-avanzada-2020/components/camerayoloCppVREP/CMakeFiles/CMakeTmp

Run Build Command(s):/usr/bin/make cmTC_efc2e/fast && /usr/bin/make -f CMakeFiles/cmTC_efc2e.dir/build.make CMakeFiles/cmTC_efc2e.dir/build
make[1]: se entra en el directorio '/home/alejandro/robocomp/components/robotica-avanzada-2020/components/camerayoloCppVREP/CMakeFiles/CMakeTmp'
Building C object CMakeFiles/cmTC_efc2e.dir/CheckFunctionExists.c.o
/usr/bin/cc   -DCHECK_FUNCTION_EXISTS=pthread_create   -o CMakeFiles/cmTC_efc2e.dir/CheckFunctionExists.c.o   -c /usr/local/share/cmake-3.17/Modules/CheckFunctionExists.c
Linking C executable cmTC_efc2e
/usr/local/bin/cmake -E cmake_link_script CMakeFiles/cmTC_efc2e.dir/link.txt --verbose=1
/usr/bin/cc  -DCHECK_FUNCTION_EXISTS=pthread_create    -rdynamic CMakeFiles/cmTC_efc2e.dir/CheckFunctionExists.c.o  -o cmTC_efc2e  -lpthreads 
/usr/bin/ld: no se puede encontrar -lpthreads
collect2: error: ld returned 1 exit status
CMakeFiles/cmTC_efc2e.dir/build.make:103: recipe for target 'cmTC_efc2e' failed
make[1]: *** [cmTC_efc2e] Error 1
make[1]: se sale del directorio '/home/alejandro/robocomp/components/robotica-avanzada-2020/components/camerayoloCppVREP/CMakeFiles/CMakeTmp'
Makefile:138: recipe for target 'cmTC_efc2e/fast' failed
make: *** [cmTC_efc2e/fast] Error 2



Performing C SOURCE FILE Test CMAKE_HAVE_LIBC_PTHREAD failed with the following output:
Change Dir: /home/alejandro/robocomp/components/robotica-avanzada-2020/components/camerayoloCppVREP/CMakeFiles/CMakeTmp

Run Build Command(s):/usr/bin/make cmTC_6b6a5/fast && /usr/bin/make -f CMakeFiles/cmTC_6b6a5.dir/build.make CMakeFiles/cmTC_6b6a5.dir/build
make[1]: se entra en el directorio '/home/alejandro/robocomp/components/robotica-avanzada-2020/components/camerayoloCppVREP/CMakeFiles/CMakeTmp'
Building C object CMakeFiles/cmTC_6b6a5.dir/src.c.o
/usr/bin/cc   -DCMAKE_HAVE_LIBC_PTHREAD   -o CMakeFiles/cmTC_6b6a5.dir/src.c.o   -c /home/alejandro/robocomp/components/robotica-avanzada-2020/components/camerayoloCppVREP/CMakeFiles/CMakeTmp/src.c
Linking C executable cmTC_6b6a5
/usr/local/bin/cmake -E cmake_link_script CMakeFiles/cmTC_6b6a5.dir/link.txt --verbose=1
/usr/bin/cc  -DCMAKE_HAVE_LIBC_PTHREAD    -rdynamic CMakeFiles/cmTC_6b6a5.dir/src.c.o  -o cmTC_6b6a5 
CMakeFiles/cmTC_6b6a5.dir/src.c.o: En la función `main':
src.c:(.text+0x3e): referencia a `pthread_create' sin definir
src.c:(.text+0x4a): referencia a `pthread_detach' sin definir
src.c:(.text+0x56): referencia a `pthread_cancel' sin definir
src.c:(.text+0x67): referencia a `pthread_join' sin definir
src.c:(.text+0x7b): referencia a `pthread_atfork' sin definir
collect2: error: ld returned 1 exit status
CMakeFiles/cmTC_6b6a5.dir/build.make:103: recipe for target 'cmTC_6b6a5' failed
make[1]: *** [cmTC_6b6a5] Error 1
make[1]: se sale del directorio '/home/alejandro/robocomp/components/robotica-avanzada-2020/components/camerayoloCppVREP/CMakeFiles/CMakeTmp'
Makefile:138: recipe for target 'cmTC_6b6a5/fast' failed
make: *** [cmTC_6b6a5/fast] Error 2


Source file was:
#include <pthread.h>

void* test_func(void* data)
{
  return data;
}

int main(void)
{
  pthread_t thread;
  pthread_create(&thread, NULL, test_func, NULL);
  pthread_detach(thread);
  pthread_cancel(thread);
  pthread_join(thread, NULL);
  pthread_atfork(NULL, NULL, NULL);
  pthread_exit(NULL);

  return 0;
}

Determining if the function pthread_create exists in the pthreads failed with the following output:
Change Dir: /home/alejandro/robocomp/components/robotica-avanzada-2020/components/camerayoloCppVREP/CMakeFiles/CMakeTmp

Run Build Command(s):/usr/bin/make cmTC_ab26c/fast && /usr/bin/make -f CMakeFiles/cmTC_ab26c.dir/build.make CMakeFiles/cmTC_ab26c.dir/build
make[1]: se entra en el directorio '/home/alejandro/robocomp/components/robotica-avanzada-2020/components/camerayoloCppVREP/CMakeFiles/CMakeTmp'
Building C object CMakeFiles/cmTC_ab26c.dir/CheckFunctionExists.c.o
/usr/bin/cc   -DCHECK_FUNCTION_EXISTS=pthread_create   -o CMakeFiles/cmTC_ab26c.dir/CheckFunctionExists.c.o   -c /usr/local/share/cmake-3.17/Modules/CheckFunctionExists.c
Linking C executable cmTC_ab26c
/usr/local/bin/cmake -E cmake_link_script CMakeFiles/cmTC_ab26c.dir/link.txt --verbose=1
/usr/bin/cc  -DCHECK_FUNCTION_EXISTS=pthread_create    -rdynamic CMakeFiles/cmTC_ab26c.dir/CheckFunctionExists.c.o  -o cmTC_ab26c  -lpthreads 
/usr/bin/ld: no se puede encontrar -lpthreads
collect2: error: ld returned 1 exit status
CMakeFiles/cmTC_ab26c.dir/build.make:103: recipe for target 'cmTC_ab26c' failed
make[1]: *** [cmTC_ab26c] Error 1
make[1]: se sale del directorio '/home/alejandro/robocomp/components/robotica-avanzada-2020/components/camerayoloCppVREP/CMakeFiles/CMakeTmp'
Makefile:138: recipe for target 'cmTC_ab26c/fast' failed
make: *** [cmTC_ab26c/fast] Error 2



Performing C SOURCE FILE Test CMAKE_HAVE_LIBC_PTHREAD failed with the following output:
Change Dir: /home/alejandro/robocomp/components/robotica-avanzada-2020/components/camerayoloCppVREP/CMakeFiles/CMakeTmp

Run Build Command(s):/usr/bin/make cmTC_0d269/fast && /usr/bin/make -f CMakeFiles/cmTC_0d269.dir/build.make CMakeFiles/cmTC_0d269.dir/build
make[1]: se entra en el directorio '/home/alejandro/robocomp/components/robotica-avanzada-2020/components/camerayoloCppVREP/CMakeFiles/CMakeTmp'
Building C object CMakeFiles/cmTC_0d269.dir/src.c.o
/usr/bin/cc   -DCMAKE_HAVE_LIBC_PTHREAD   -o CMakeFiles/cmTC_0d269.dir/src.c.o   -c /home/alejandro/robocomp/components/robotica-avanzada-2020/components/camerayoloCppVREP/CMakeFiles/CMakeTmp/src.c
Linking C executable cmTC_0d269
/usr/local/bin/cmake -E cmake_link_script CMakeFiles/cmTC_0d269.dir/link.txt --verbose=1
/usr/bin/cc  -DCMAKE_HAVE_LIBC_PTHREAD    -rdynamic CMakeFiles/cmTC_0d269.dir/src.c.o  -o cmTC_0d269 
CMakeFiles/cmTC_0d269.dir/src.c.o: En la función `main':
src.c:(.text+0x3e): referencia a `pthread_create' sin definir
src.c:(.text+0x4a): referencia a `pthread_detach' sin definir
src.c:(.text+0x56): referencia a `pthread_cancel' sin definir
src.c:(.text+0x67): referencia a `pthread_join' sin definir
src.c:(.text+0x7b): referencia a `pthread_atfork' sin definir
collect2: error: ld returned 1 exit status
CMakeFiles/cmTC_0d269.dir/build.make:103: recipe for target 'cmTC_0d269' failed
make[1]: *** [cmTC_0d269] Error 1
make[1]: se sale del directorio '/home/alejandro/robocomp/components/robotica-avanzada-2020/components/camerayoloCppVREP/CMakeFiles/CMakeTmp'
Makefile:138: recipe for target 'cmTC_0d269/fast' failed
make: *** [cmTC_0d269/fast] Error 2


Source file was:
#include <pthread.h>

void* test_func(void* data)
{
  return data;
}

int main(void)
{
  pthread_t thread;
  pthread_create(&thread, NULL, test_func, NULL);
  pthread_detach(thread);
  pthread_cancel(thread);
  pthread_join(thread, NULL);
  pthread_atfork(NULL, NULL, NULL);
  pthread_exit(NULL);

  return 0;
}

Determining if the function pthread_create exists in the pthreads failed with the following output:
Change Dir: /home/alejandro/robocomp/components/robotica-avanzada-2020/components/camerayoloCppVREP/CMakeFiles/CMakeTmp

Run Build Command(s):/usr/bin/make cmTC_52cff/fast && /usr/bin/make -f CMakeFiles/cmTC_52cff.dir/build.make CMakeFiles/cmTC_52cff.dir/build
make[1]: se entra en el directorio '/home/alejandro/robocomp/components/robotica-avanzada-2020/components/camerayoloCppVREP/CMakeFiles/CMakeTmp'
Building C object CMakeFiles/cmTC_52cff.dir/CheckFunctionExists.c.o
/usr/bin/cc   -DCHECK_FUNCTION_EXISTS=pthread_create   -o CMakeFiles/cmTC_52cff.dir/CheckFunctionExists.c.o   -c /usr/local/share/cmake-3.17/Modules/CheckFunctionExists.c
Linking C executable cmTC_52cff
/usr/local/bin/cmake -E cmake_link_script CMakeFiles/cmTC_52cff.dir/link.txt --verbose=1
/usr/bin/cc  -DCHECK_FUNCTION_EXISTS=pthread_create    -rdynamic CMakeFiles/cmTC_52cff.dir/CheckFunctionExists.c.o  -o cmTC_52cff  -lpthreads 
/usr/bin/ld: no se puede encontrar -lpthreads
collect2: error: ld returned 1 exit status
CMakeFiles/cmTC_52cff.dir/build.make:103: recipe for target 'cmTC_52cff' failed
make[1]: *** [cmTC_52cff] Error 1
make[1]: se sale del directorio '/home/alejandro/robocomp/components/robotica-avanzada-2020/components/camerayoloCppVREP/CMakeFiles/CMakeTmp'
Makefile:138: recipe for target 'cmTC_52cff/fast' failed
make: *** [cmTC_52cff/fast] Error 2



Performing C SOURCE FILE Test CMAKE_HAVE_LIBC_PTHREAD failed with the following output:
Change Dir: /home/alejandro/robocomp/components/robotica-avanzada-2020/components/camerayoloCppVREP/CMakeFiles/CMakeTmp

Run Build Command(s):/usr/bin/make cmTC_618ff/fast && /usr/bin/make -f CMakeFiles/cmTC_618ff.dir/build.make CMakeFiles/cmTC_618ff.dir/build
make[1]: se entra en el directorio '/home/alejandro/robocomp/components/robotica-avanzada-2020/components/camerayoloCppVREP/CMakeFiles/CMakeTmp'
Building C object CMakeFiles/cmTC_618ff.dir/src.c.o
/usr/bin/cc   -DCMAKE_HAVE_LIBC_PTHREAD   -o CMakeFiles/cmTC_618ff.dir/src.c.o   -c /home/alejandro/robocomp/components/robotica-avanzada-2020/components/camerayoloCppVREP/CMakeFiles/CMakeTmp/src.c
Linking C executable cmTC_618ff
/usr/local/bin/cmake -E cmake_link_script CMakeFiles/cmTC_618ff.dir/link.txt --verbose=1
/usr/bin/cc  -DCMAKE_HAVE_LIBC_PTHREAD    -rdynamic CMakeFiles/cmTC_618ff.dir/src.c.o  -o cmTC_618ff 
CMakeFiles/cmTC_618ff.dir/src.c.o: En la función `main':
src.c:(.text+0x3e): referencia a `pthread_create' sin definir
src.c:(.text+0x4a): referencia a `pthread_detach' sin definir
src.c:(.text+0x56): referencia a `pthread_cancel' sin definir
src.c:(.text+0x67): referencia a `pthread_join' sin definir
src.c:(.text+0x7b): referencia a `pthread_atfork' sin definir
collect2: error: ld returned 1 exit status
CMakeFiles/cmTC_618ff.dir/build.make:103: recipe for target 'cmTC_618ff' failed
make[1]: *** [cmTC_618ff] Error 1
make[1]: se sale del directorio '/home/alejandro/robocomp/components/robotica-avanzada-2020/components/camerayoloCppVREP/CMakeFiles/CMakeTmp'
Makefile:138: recipe for target 'cmTC_618ff/fast' failed
make: *** [cmTC_618ff/fast] Error 2


Source file was:
#include <pthread.h>

void* test_func(void* data)
{
  return data;
}

int main(void)
{
  pthread_t thread;
  pthread_create(&thread, NULL, test_func, NULL);
  pthread_detach(thread);
  pthread_cancel(thread);
  pthread_join(thread, NULL);
  pthread_atfork(NULL, NULL, NULL);
  pthread_exit(NULL);

  return 0;
}

Determining if the function pthread_create exists in the pthreads failed with the following output:
Change Dir: /home/alejandro/robocomp/components/robotica-avanzada-2020/components/camerayoloCppVREP/CMakeFiles/CMakeTmp

Run Build Command(s):/usr/bin/make cmTC_ff726/fast && /usr/bin/make -f CMakeFiles/cmTC_ff726.dir/build.make CMakeFiles/cmTC_ff726.dir/build
make[1]: se entra en el directorio '/home/alejandro/robocomp/components/robotica-avanzada-2020/components/camerayoloCppVREP/CMakeFiles/CMakeTmp'
Building C object CMakeFiles/cmTC_ff726.dir/CheckFunctionExists.c.o
/usr/bin/cc   -DCHECK_FUNCTION_EXISTS=pthread_create   -o CMakeFiles/cmTC_ff726.dir/CheckFunctionExists.c.o   -c /usr/local/share/cmake-3.17/Modules/CheckFunctionExists.c
Linking C executable cmTC_ff726
/usr/local/bin/cmake -E cmake_link_script CMakeFiles/cmTC_ff726.dir/link.txt --verbose=1
/usr/bin/cc  -DCHECK_FUNCTION_EXISTS=pthread_create    -rdynamic CMakeFiles/cmTC_ff726.dir/CheckFunctionExists.c.o  -o cmTC_ff726  -lpthreads 
/usr/bin/ld: no se puede encontrar -lpthreads
collect2: error: ld returned 1 exit status
CMakeFiles/cmTC_ff726.dir/build.make:103: recipe for target 'cmTC_ff726' failed
make[1]: *** [cmTC_ff726] Error 1
make[1]: se sale del directorio '/home/alejandro/robocomp/components/robotica-avanzada-2020/components/camerayoloCppVREP/CMakeFiles/CMakeTmp'
Makefile:138: recipe for target 'cmTC_ff726/fast' failed
make: *** [cmTC_ff726/fast] Error 2



Performing C SOURCE FILE Test CMAKE_HAVE_LIBC_PTHREAD failed with the following output:
Change Dir: /home/alejandro/robocomp/components/robotica-avanzada-2020/components/camerayoloCppVREP/CMakeFiles/CMakeTmp

Run Build Command(s):/usr/bin/make cmTC_3727f/fast && /usr/bin/make -f CMakeFiles/cmTC_3727f.dir/build.make CMakeFiles/cmTC_3727f.dir/build
make[1]: se entra en el directorio '/home/alejandro/robocomp/components/robotica-avanzada-2020/components/camerayoloCppVREP/CMakeFiles/CMakeTmp'
Building C object CMakeFiles/cmTC_3727f.dir/src.c.o
/usr/bin/cc   -DCMAKE_HAVE_LIBC_PTHREAD   -o CMakeFiles/cmTC_3727f.dir/src.c.o   -c /home/alejandro/robocomp/components/robotica-avanzada-2020/components/camerayoloCppVREP/CMakeFiles/CMakeTmp/src.c
Linking C executable cmTC_3727f
/usr/local/bin/cmake -E cmake_link_script CMakeFiles/cmTC_3727f.dir/link.txt --verbose=1
/usr/bin/cc  -DCMAKE_HAVE_LIBC_PTHREAD    -rdynamic CMakeFiles/cmTC_3727f.dir/src.c.o  -o cmTC_3727f 
CMakeFiles/cmTC_3727f.dir/src.c.o: En la función `main':
src.c:(.text+0x3e): referencia a `pthread_create' sin definir
src.c:(.text+0x4a): referencia a `pthread_detach' sin definir
src.c:(.text+0x56): referencia a `pthread_cancel' sin definir
src.c:(.text+0x67): referencia a `pthread_join' sin definir
src.c:(.text+0x7b): referencia a `pthread_atfork' sin definir
collect2: error: ld returned 1 exit status
CMakeFiles/cmTC_3727f.dir/build.make:103: recipe for target 'cmTC_3727f' failed
make[1]: *** [cmTC_3727f] Error 1
make[1]: se sale del directorio '/home/alejandro/robocomp/components/robotica-avanzada-2020/components/camerayoloCppVREP/CMakeFiles/CMakeTmp'
Makefile:138: recipe for target 'cmTC_3727f/fast' failed
make: *** [cmTC_3727f/fast] Error 2


Source file was:
#include <pthread.h>

void* test_func(void* data)
{
  return data;
}

int main(void)
{
  pthread_t thread;
  pthread_create(&thread, NULL, test_func, NULL);
  pthread_detach(thread);
  pthread_cancel(thread);
  pthread_join(thread, NULL);
  pthread_atfork(NULL, NULL, NULL);
  pthread_exit(NULL);

  return 0;
}

Determining if the function pthread_create exists in the pthreads failed with the following output:
Change Dir: /home/alejandro/robocomp/components/robotica-avanzada-2020/components/camerayoloCppVREP/CMakeFiles/CMakeTmp

Run Build Command(s):/usr/bin/make cmTC_bfbe5/fast && /usr/bin/make -f CMakeFiles/cmTC_bfbe5.dir/build.make CMakeFiles/cmTC_bfbe5.dir/build
make[1]: se entra en el directorio '/home/alejandro/robocomp/components/robotica-avanzada-2020/components/camerayoloCppVREP/CMakeFiles/CMakeTmp'
Building C object CMakeFiles/cmTC_bfbe5.dir/CheckFunctionExists.c.o
/usr/bin/cc   -DCHECK_FUNCTION_EXISTS=pthread_create   -o CMakeFiles/cmTC_bfbe5.dir/CheckFunctionExists.c.o   -c /usr/local/share/cmake-3.17/Modules/CheckFunctionExists.c
Linking C executable cmTC_bfbe5
/usr/local/bin/cmake -E cmake_link_script CMakeFiles/cmTC_bfbe5.dir/link.txt --verbose=1
/usr/bin/cc  -DCHECK_FUNCTION_EXISTS=pthread_create    -rdynamic CMakeFiles/cmTC_bfbe5.dir/CheckFunctionExists.c.o  -o cmTC_bfbe5  -lpthreads 
/usr/bin/ld: no se puede encontrar -lpthreads
collect2: error: ld returned 1 exit status
CMakeFiles/cmTC_bfbe5.dir/build.make:103: recipe for target 'cmTC_bfbe5' failed
make[1]: *** [cmTC_bfbe5] Error 1
make[1]: se sale del directorio '/home/alejandro/robocomp/components/robotica-avanzada-2020/components/camerayoloCppVREP/CMakeFiles/CMakeTmp'
Makefile:138: recipe for target 'cmTC_bfbe5/fast' failed
make: *** [cmTC_bfbe5/fast] Error 2



Performing C SOURCE FILE Test CMAKE_HAVE_LIBC_PTHREAD failed with the following output:
Change Dir: /home/alejandro/robocomp/components/robotica-avanzada-2020/components/camerayoloCppVREP/CMakeFiles/CMakeTmp

Run Build Command(s):/usr/bin/make cmTC_a8c46/fast && /usr/bin/make -f CMakeFiles/cmTC_a8c46.dir/build.make CMakeFiles/cmTC_a8c46.dir/build
make[1]: se entra en el directorio '/home/alejandro/robocomp/components/robotica-avanzada-2020/components/camerayoloCppVREP/CMakeFiles/CMakeTmp'
Building C object CMakeFiles/cmTC_a8c46.dir/src.c.o
/usr/bin/cc   -DCMAKE_HAVE_LIBC_PTHREAD   -o CMakeFiles/cmTC_a8c46.dir/src.c.o   -c /home/alejandro/robocomp/components/robotica-avanzada-2020/components/camerayoloCppVREP/CMakeFiles/CMakeTmp/src.c
Linking C executable cmTC_a8c46
/usr/local/bin/cmake -E cmake_link_script CMakeFiles/cmTC_a8c46.dir/link.txt --verbose=1
/usr/bin/cc  -DCMAKE_HAVE_LIBC_PTHREAD    -rdynamic CMakeFiles/cmTC_a8c46.dir/src.c.o  -o cmTC_a8c46 
CMakeFiles/cmTC_a8c46.dir/src.c.o: En la función `main':
src.c:(.text+0x3e): referencia a `pthread_create' sin definir
src.c:(.text+0x4a): referencia a `pthread_detach' sin definir
src.c:(.text+0x56): referencia a `pthread_cancel' sin definir
src.c:(.text+0x67): referencia a `pthread_join' sin definir
src.c:(.text+0x7b): referencia a `pthread_atfork' sin definir
collect2: error: ld returned 1 exit status
CMakeFiles/cmTC_a8c46.dir/build.make:103: recipe for target 'cmTC_a8c46' failed
make[1]: *** [cmTC_a8c46] Error 1
make[1]: se sale del directorio '/home/alejandro/robocomp/components/robotica-avanzada-2020/components/camerayoloCppVREP/CMakeFiles/CMakeTmp'
Makefile:138: recipe for target 'cmTC_a8c46/fast' failed
make: *** [cmTC_a8c46/fast] Error 2


Source file was:
#include <pthread.h>

void* test_func(void* data)
{
  return data;
}

int main(void)
{
  pthread_t thread;
  pthread_create(&thread, NULL, test_func, NULL);
  pthread_detach(thread);
  pthread_cancel(thread);
  pthread_join(thread, NULL);
  pthread_atfork(NULL, NULL, NULL);
  pthread_exit(NULL);

  return 0;
}

Determining if the function pthread_create exists in the pthreads failed with the following output:
Change Dir: /home/alejandro/robocomp/components/robotica-avanzada-2020/components/camerayoloCppVREP/CMakeFiles/CMakeTmp

Run Build Command(s):/usr/bin/make cmTC_bb7c6/fast && /usr/bin/make -f CMakeFiles/cmTC_bb7c6.dir/build.make CMakeFiles/cmTC_bb7c6.dir/build
make[1]: se entra en el directorio '/home/alejandro/robocomp/components/robotica-avanzada-2020/components/camerayoloCppVREP/CMakeFiles/CMakeTmp'
Building C object CMakeFiles/cmTC_bb7c6.dir/CheckFunctionExists.c.o
/usr/bin/cc   -DCHECK_FUNCTION_EXISTS=pthread_create   -o CMakeFiles/cmTC_bb7c6.dir/CheckFunctionExists.c.o   -c /usr/local/share/cmake-3.17/Modules/CheckFunctionExists.c
Linking C executable cmTC_bb7c6
/usr/local/bin/cmake -E cmake_link_script CMakeFiles/cmTC_bb7c6.dir/link.txt --verbose=1
/usr/bin/cc  -DCHECK_FUNCTION_EXISTS=pthread_create    -rdynamic CMakeFiles/cmTC_bb7c6.dir/CheckFunctionExists.c.o  -o cmTC_bb7c6  -lpthreads 
/usr/bin/ld: no se puede encontrar -lpthreads
collect2: error: ld returned 1 exit status
CMakeFiles/cmTC_bb7c6.dir/build.make:103: recipe for target 'cmTC_bb7c6' failed
make[1]: *** [cmTC_bb7c6] Error 1
make[1]: se sale del directorio '/home/alejandro/robocomp/components/robotica-avanzada-2020/components/camerayoloCppVREP/CMakeFiles/CMakeTmp'
Makefile:138: recipe for target 'cmTC_bb7c6/fast' failed
make: *** [cmTC_bb7c6/fast] Error 2



Performing C SOURCE FILE Test CMAKE_HAVE_LIBC_PTHREAD failed with the following output:
Change Dir: /home/alejandro/robocomp/components/robotica-avanzada-2020/components/camerayoloCppVREP/CMakeFiles/CMakeTmp

Run Build Command(s):/usr/bin/make cmTC_843d1/fast && /usr/bin/make -f CMakeFiles/cmTC_843d1.dir/build.make CMakeFiles/cmTC_843d1.dir/build
make[1]: se entra en el directorio '/home/alejandro/robocomp/components/robotica-avanzada-2020/components/camerayoloCppVREP/CMakeFiles/CMakeTmp'
Building C object CMakeFiles/cmTC_843d1.dir/src.c.o
/usr/bin/cc   -DCMAKE_HAVE_LIBC_PTHREAD   -o CMakeFiles/cmTC_843d1.dir/src.c.o   -c /home/alejandro/robocomp/components/robotica-avanzada-2020/components/camerayoloCppVREP/CMakeFiles/CMakeTmp/src.c
Linking C executable cmTC_843d1
/usr/local/bin/cmake -E cmake_link_script CMakeFiles/cmTC_843d1.dir/link.txt --verbose=1
/usr/bin/cc  -DCMAKE_HAVE_LIBC_PTHREAD    -rdynamic CMakeFiles/cmTC_843d1.dir/src.c.o  -o cmTC_843d1 
CMakeFiles/cmTC_843d1.dir/src.c.o: En la función `main':
src.c:(.text+0x3e): referencia a `pthread_create' sin definir
src.c:(.text+0x4a): referencia a `pthread_detach' sin definir
src.c:(.text+0x56): referencia a `pthread_cancel' sin definir
src.c:(.text+0x67): referencia a `pthread_join' sin definir
src.c:(.text+0x7b): referencia a `pthread_atfork' sin definir
collect2: error: ld returned 1 exit status
CMakeFiles/cmTC_843d1.dir/build.make:103: recipe for target 'cmTC_843d1' failed
make[1]: *** [cmTC_843d1] Error 1
make[1]: se sale del directorio '/home/alejandro/robocomp/components/robotica-avanzada-2020/components/camerayoloCppVREP/CMakeFiles/CMakeTmp'
Makefile:138: recipe for target 'cmTC_843d1/fast' failed
make: *** [cmTC_843d1/fast] Error 2


Source file was:
#include <pthread.h>

void* test_func(void* data)
{
  return data;
}

int main(void)
{
  pthread_t thread;
  pthread_create(&thread, NULL, test_func, NULL);
  pthread_detach(thread);
  pthread_cancel(thread);
  pthread_join(thread, NULL);
  pthread_atfork(NULL, NULL, NULL);
  pthread_exit(NULL);

  return 0;
}

Determining if the function pthread_create exists in the pthreads failed with the following output:
Change Dir: /home/alejandro/robocomp/components/robotica-avanzada-2020/components/camerayoloCppVREP/CMakeFiles/CMakeTmp

Run Build Command(s):/usr/bin/make cmTC_088e5/fast && /usr/bin/make -f CMakeFiles/cmTC_088e5.dir/build.make CMakeFiles/cmTC_088e5.dir/build
make[1]: se entra en el directorio '/home/alejandro/robocomp/components/robotica-avanzada-2020/components/camerayoloCppVREP/CMakeFiles/CMakeTmp'
Building C object CMakeFiles/cmTC_088e5.dir/CheckFunctionExists.c.o
/usr/bin/cc   -DCHECK_FUNCTION_EXISTS=pthread_create   -o CMakeFiles/cmTC_088e5.dir/CheckFunctionExists.c.o   -c /usr/local/share/cmake-3.17/Modules/CheckFunctionExists.c
Linking C executable cmTC_088e5
/usr/local/bin/cmake -E cmake_link_script CMakeFiles/cmTC_088e5.dir/link.txt --verbose=1
/usr/bin/cc  -DCHECK_FUNCTION_EXISTS=pthread_create    -rdynamic CMakeFiles/cmTC_088e5.dir/CheckFunctionExists.c.o  -o cmTC_088e5  -lpthreads 
/usr/bin/ld: no se puede encontrar -lpthreads
collect2: error: ld returned 1 exit status
CMakeFiles/cmTC_088e5.dir/build.make:103: recipe for target 'cmTC_088e5' failed
make[1]: *** [cmTC_088e5] Error 1
make[1]: se sale del directorio '/home/alejandro/robocomp/components/robotica-avanzada-2020/components/camerayoloCppVREP/CMakeFiles/CMakeTmp'
Makefile:138: recipe for target 'cmTC_088e5/fast' failed
make: *** [cmTC_088e5/fast] Error 2



Performing C SOURCE FILE Test CMAKE_HAVE_LIBC_PTHREAD failed with the following output:
Change Dir: /home/alejandro/robocomp/components/robotica-avanzada-2020/components/camerayoloCppVREP/CMakeFiles/CMakeTmp

Run Build Command(s):/usr/bin/make cmTC_59496/fast && /usr/bin/make -f CMakeFiles/cmTC_59496.dir/build.make CMakeFiles/cmTC_59496.dir/build
make[1]: se entra en el directorio '/home/alejandro/robocomp/components/robotica-avanzada-2020/components/camerayoloCppVREP/CMakeFiles/CMakeTmp'
Building C object CMakeFiles/cmTC_59496.dir/src.c.o
/usr/bin/cc   -DCMAKE_HAVE_LIBC_PTHREAD   -o CMakeFiles/cmTC_59496.dir/src.c.o   -c /home/alejandro/robocomp/components/robotica-avanzada-2020/components/camerayoloCppVREP/CMakeFiles/CMakeTmp/src.c
Linking C executable cmTC_59496
/usr/local/bin/cmake -E cmake_link_script CMakeFiles/cmTC_59496.dir/link.txt --verbose=1
/usr/bin/cc  -DCMAKE_HAVE_LIBC_PTHREAD    -rdynamic CMakeFiles/cmTC_59496.dir/src.c.o  -o cmTC_59496 
CMakeFiles/cmTC_59496.dir/src.c.o: En la función `main':
src.c:(.text+0x3e): referencia a `pthread_create' sin definir
src.c:(.text+0x4a): referencia a `pthread_detach' sin definir
src.c:(.text+0x56): referencia a `pthread_cancel' sin definir
src.c:(.text+0x67): referencia a `pthread_join' sin definir
src.c:(.text+0x7b): referencia a `pthread_atfork' sin definir
collect2: error: ld returned 1 exit status
CMakeFiles/cmTC_59496.dir/build.make:103: recipe for target 'cmTC_59496' failed
make[1]: *** [cmTC_59496] Error 1
make[1]: se sale del directorio '/home/alejandro/robocomp/components/robotica-avanzada-2020/components/camerayoloCppVREP/CMakeFiles/CMakeTmp'
Makefile:138: recipe for target 'cmTC_59496/fast' failed
make: *** [cmTC_59496/fast] Error 2


Source file was:
#include <pthread.h>

void* test_func(void* data)
{
  return data;
}

int main(void)
{
  pthread_t thread;
  pthread_create(&thread, NULL, test_func, NULL);
  pthread_detach(thread);
  pthread_cancel(thread);
  pthread_join(thread, NULL);
  pthread_atfork(NULL, NULL, NULL);
  pthread_exit(NULL);

  return 0;
}

Determining if the function pthread_create exists in the pthreads failed with the following output:
Change Dir: /home/alejandro/robocomp/components/robotica-avanzada-2020/components/camerayoloCppVREP/CMakeFiles/CMakeTmp

Run Build Command(s):/usr/bin/make cmTC_b80f8/fast && /usr/bin/make -f CMakeFiles/cmTC_b80f8.dir/build.make CMakeFiles/cmTC_b80f8.dir/build
make[1]: se entra en el directorio '/home/alejandro/robocomp/components/robotica-avanzada-2020/components/camerayoloCppVREP/CMakeFiles/CMakeTmp'
Building C object CMakeFiles/cmTC_b80f8.dir/CheckFunctionExists.c.o
/usr/bin/cc   -DCHECK_FUNCTION_EXISTS=pthread_create   -o CMakeFiles/cmTC_b80f8.dir/CheckFunctionExists.c.o   -c /usr/local/share/cmake-3.17/Modules/CheckFunctionExists.c
Linking C executable cmTC_b80f8
/usr/local/bin/cmake -E cmake_link_script CMakeFiles/cmTC_b80f8.dir/link.txt --verbose=1
/usr/bin/cc  -DCHECK_FUNCTION_EXISTS=pthread_create    -rdynamic CMakeFiles/cmTC_b80f8.dir/CheckFunctionExists.c.o  -o cmTC_b80f8  -lpthreads 
/usr/bin/ld: no se puede encontrar -lpthreads
collect2: error: ld returned 1 exit status
CMakeFiles/cmTC_b80f8.dir/build.make:103: recipe for target 'cmTC_b80f8' failed
make[1]: *** [cmTC_b80f8] Error 1
make[1]: se sale del directorio '/home/alejandro/robocomp/components/robotica-avanzada-2020/components/camerayoloCppVREP/CMakeFiles/CMakeTmp'
Makefile:138: recipe for target 'cmTC_b80f8/fast' failed
make: *** [cmTC_b80f8/fast] Error 2



Performing C SOURCE FILE Test CMAKE_HAVE_LIBC_PTHREAD failed with the following output:
Change Dir: /home/alejandro/robocomp/components/robotica-avanzada-2020/components/camerayoloCppVREP/CMakeFiles/CMakeTmp

Run Build Command(s):/usr/bin/make cmTC_e1ee3/fast && /usr/bin/make -f CMakeFiles/cmTC_e1ee3.dir/build.make CMakeFiles/cmTC_e1ee3.dir/build
make[1]: se entra en el directorio '/home/alejandro/robocomp/components/robotica-avanzada-2020/components/camerayoloCppVREP/CMakeFiles/CMakeTmp'
Building C object CMakeFiles/cmTC_e1ee3.dir/src.c.o
/usr/bin/cc   -DCMAKE_HAVE_LIBC_PTHREAD   -o CMakeFiles/cmTC_e1ee3.dir/src.c.o   -c /home/alejandro/robocomp/components/robotica-avanzada-2020/components/camerayoloCppVREP/CMakeFiles/CMakeTmp/src.c
Linking C executable cmTC_e1ee3
/usr/local/bin/cmake -E cmake_link_script CMakeFiles/cmTC_e1ee3.dir/link.txt --verbose=1
/usr/bin/cc  -DCMAKE_HAVE_LIBC_PTHREAD    -rdynamic CMakeFiles/cmTC_e1ee3.dir/src.c.o  -o cmTC_e1ee3 
CMakeFiles/cmTC_e1ee3.dir/src.c.o: En la función `main':
src.c:(.text+0x3e): referencia a `pthread_create' sin definir
src.c:(.text+0x4a): referencia a `pthread_detach' sin definir
src.c:(.text+0x56): referencia a `pthread_cancel' sin definir
src.c:(.text+0x67): referencia a `pthread_join' sin definir
src.c:(.text+0x7b): referencia a `pthread_atfork' sin definir
collect2: error: ld returned 1 exit status
CMakeFiles/cmTC_e1ee3.dir/build.make:103: recipe for target 'cmTC_e1ee3' failed
make[1]: *** [cmTC_e1ee3] Error 1
make[1]: se sale del directorio '/home/alejandro/robocomp/components/robotica-avanzada-2020/components/camerayoloCppVREP/CMakeFiles/CMakeTmp'
Makefile:138: recipe for target 'cmTC_e1ee3/fast' failed
make: *** [cmTC_e1ee3/fast] Error 2


Source file was:
#include <pthread.h>

void* test_func(void* data)
{
  return data;
}

int main(void)
{
  pthread_t thread;
  pthread_create(&thread, NULL, test_func, NULL);
  pthread_detach(thread);
  pthread_cancel(thread);
  pthread_join(thread, NULL);
  pthread_atfork(NULL, NULL, NULL);
  pthread_exit(NULL);

  return 0;
}

Determining if the function pthread_create exists in the pthreads failed with the following output:
Change Dir: /home/alejandro/robocomp/components/robotica-avanzada-2020/components/camerayoloCppVREP/CMakeFiles/CMakeTmp

Run Build Command(s):/usr/bin/make cmTC_75a25/fast && /usr/bin/make -f CMakeFiles/cmTC_75a25.dir/build.make CMakeFiles/cmTC_75a25.dir/build
make[1]: se entra en el directorio '/home/alejandro/robocomp/components/robotica-avanzada-2020/components/camerayoloCppVREP/CMakeFiles/CMakeTmp'
Building C object CMakeFiles/cmTC_75a25.dir/CheckFunctionExists.c.o
/usr/bin/cc   -DCHECK_FUNCTION_EXISTS=pthread_create   -o CMakeFiles/cmTC_75a25.dir/CheckFunctionExists.c.o   -c /usr/local/share/cmake-3.17/Modules/CheckFunctionExists.c
Linking C executable cmTC_75a25
/usr/local/bin/cmake -E cmake_link_script CMakeFiles/cmTC_75a25.dir/link.txt --verbose=1
/usr/bin/cc  -DCHECK_FUNCTION_EXISTS=pthread_create    -rdynamic CMakeFiles/cmTC_75a25.dir/CheckFunctionExists.c.o  -o cmTC_75a25  -lpthreads 
/usr/bin/ld: no se puede encontrar -lpthreads
collect2: error: ld returned 1 exit status
CMakeFiles/cmTC_75a25.dir/build.make:103: recipe for target 'cmTC_75a25' failed
make[1]: *** [cmTC_75a25] Error 1
make[1]: se sale del directorio '/home/alejandro/robocomp/components/robotica-avanzada-2020/components/camerayoloCppVREP/CMakeFiles/CMakeTmp'
Makefile:138: recipe for target 'cmTC_75a25/fast' failed
make: *** [cmTC_75a25/fast] Error 2



